------------------------------------------------------------
Date::01/03/23 Tuesday 21:02:21 UTC
Host::172a429d98e0
Command::/opt/ibm/db2/V11.5/instance/db2icrt_local -a server -d -s ese -u db2fenc1 -p db2c_db2inst1 db2inst1
Insttype::1
Level::VRMF=11.5.8.0,Interim=0,SpecialInstall=0,SpecialBuild=,bld_level=s2209201700
Message::DBI1070I Program db2icrt_local completed successfully.
ReturnCode::0
------------------------------------------------------------
------------------------------------------------------------
Date::01/03/23 Tuesday 21:04:49 UTC
Host::172a429d98e0
Command::/opt/ibm/db2/V11.5/instance/db2iupdt_local -u db2fenc1 -k -a server -d db2inst1
Insttype::1
Level::VRMF=11.5.8.0,Interim=0,SpecialInstall=0,SpecialBuild=,bld_level=s2209201700
Message::
ReturnCode::0
------------------------------------------------------------
------------------------------------------------------------
Date::01/03/23 Tuesday 21:10:10 UTC
Host::172a429d98e0
Command::/opt/ibm/db2/V11.5/instance/db2iupdt_local -u db2fenc1 -k -a server -d db2inst1
Insttype::1
Level::VRMF=11.5.8.0,Interim=0,SpecialInstall=0,SpecialBuild=,bld_level=s2209201700
Message::
ReturnCode::0
------------------------------------------------------------
------------------------------------------------------------
Date::01/04/23 Wednesday 14:45:34 UTC
Host::172a429d98e0
Command::/opt/ibm/db2/V11.5/instance/db2iupdt_local -u db2fenc1 -k -a server -d db2inst1
Insttype::1
Level::VRMF=11.5.8.0,Interim=0,SpecialInstall=0,SpecialBuild=,bld_level=s2209201700
Message::
ReturnCode::0
------------------------------------------------------------
------------------------------------------------------------
Date::01/04/23 Wednesday 15:33:13 UTC
Host::172a429d98e0
Command::/opt/ibm/db2/V11.5/instance/db2iupdt_local -u db2fenc1 -k -a server -d db2inst1
Insttype::1
Level::VRMF=11.5.8.0,Interim=0,SpecialInstall=0,SpecialBuild=,bld_level=s2209201700
Message::
ReturnCode::0
------------------------------------------------------------
